Arguments: 
  /Users/gregoryrag/.nvm/versions/node/v16.14.2/bin/node /opt/homebrew/Cellar/yarn/1.22.18/libexec/bin/yarn.js add handlebars

PATH: 
  /Users/gregoryrag/.pyenv/shims:/Users/gregoryrag/.nvm/versions/node/v16.14.2/bin:/opt/homebrew/bin:/opt/homebrew/sbin:/usr/local/bin:/usr/bin:/bin:/usr/sbin:/sbin:/Library/Apple/usr/bin:/Users/gregoryrag/.pyenv/shims:/Users/gregoryrag/.nvm/versions/node/v16.14.2/bin:/opt/homebrew/bin:/opt/homebrew/sbin:/Users/gregoryrag/.fig/bin:/Users/gregoryrag/.local/bin

Yarn version: 
  1.22.18

Node version: 
  16.14.2

Platform: 
  darwin arm64

Trace: 
  Error: EACCES: permission denied, rmdir '/Users/gregoryrag/Desktop/Pasta Sem Título 2/rentx/node_modules/bcrypt'

npm manifest: 
  {
    "name": "rentx",
    "version": "1.0.0",
    "main": "index.js",
    "license": "MIT",
    "scripts": {
      "dev": "ts-node-dev -r tsconfig-paths/register --inspect --transpile-only --ignore-watch node_modules --respawn src/shared/infra/http/server.ts",
      "typeorm": "ts-node-dev -r tsconfig-paths/register ./node_modules/typeorm/cli",
      "test": "NODE_ENV=test jest --runInBand --detectOpenHandles",
      "seed:admin": "ts-node-dev src/shared/infra/typeorm/seed/admin.ts"
    },
    "dependencies": {
      "@types/csv-parse": "^1.2.2",
      "@types/express": "^4.17.13",
      "@types/jest": "^27.5.1",
      "@types/multer": "^1.4.7",
      "@types/nodemailer": "^6.4.4",
      "bcryptjs": "^2.4.3",
      "csv-parse": "^5.0.4",
      "dayjs": "^1.11.2",
      "express": "^4.18.1",
      "express-async-errors": "^3.1.1",
      "jest": "^28.1.0",
      "jsonwebtoken": "^8.5.1",
      "multer": "^1.4.4",
      "nodemailer": "^6.7.5",
      "pg": "^8.7.3",
      "reflect-metadata": "^0.1.13",
      "swagger-ui-express": "^4.3.0",
      "tsyringe": "^4.6.0",
      "typeorm": "0.2.45",
      "uuid": "^8.3.2"
    },
    "devDependencies": {
      "@types/bcryptjs": "^2.4.2",
      "@types/jsonwebtoken": "^8.5.8",
      "@types/supertest": "^2.0.12",
      "@types/swagger-ui-express": "^4.1.3",
      "@types/uuid": "^8.3.4",
      "@typescript-eslint/eslint-plugin": "^4.24.0",
      "@typescript-eslint/parser": "^4.24.0",
      "eslint": "^7.26.0",
      "eslint-config-prettier": "^8.5.0",
      "eslint-plugin-import-helpers": "^1.2.1",
      "eslint-plugin-prettier": "^3.4.0",
      "eslint-plugin-react": "^7.29.4",
      "eslint-plugin-react-hooks": "^4.2.0",
      "prettier": "^2.3.0",
      "prettier-eslint-cli": "^5.0.1",
      "supertest": "^6.2.3",
      "ts-jest": "^28.0.3",
      "ts-node-dev": "^1.1.8",
      "tsconfig-paths": "^4.0.0",
      "typescript": "^4.6.2"
    }
  }

yarn manifest: 
  No manifest

Lockfile: 
  No lockfile
